{"/Users/rafaelp/Desktop/messageApp/backend/middleware/auth.js": {"path":"/Users/rafaelp/Desktop/messageApp/backend/middleware/auth.js","statementMap":{"0":{"start":{"line":4,"column":12},"end":{"line":4,"column":35}},"1":{"start":{"line":5,"column":13},"end":{"line":5,"column":43}},"2":{"start":{"line":6,"column":0},"end":{"line":6,"column":27}},"3":{"start":{"line":8,"column":19},"end":{"line":8,"column":62}},"4":{"start":{"line":10,"column":13},"end":{"line":46,"column":1}},"5":{"start":{"line":11,"column":2},"end":{"line":45,"column":3}},"6":{"start":{"line":13,"column":23},"end":{"line":13,"column":50}},"7":{"start":{"line":14,"column":4},"end":{"line":16,"column":5}},"8":{"start":{"line":15,"column":6},"end":{"line":15,"column":87}},"9":{"start":{"line":19,"column":4},"end":{"line":21,"column":5}},"10":{"start":{"line":20,"column":6},"end":{"line":20,"column":69}},"11":{"start":{"line":23,"column":18},"end":{"line":23,"column":51}},"12":{"start":{"line":25,"column":4},"end":{"line":41,"column":5}},"13":{"start":{"line":27,"column":22},"end":{"line":27,"column":51}},"14":{"start":{"line":30,"column":19},"end":{"line":30,"column":71}},"15":{"start":{"line":31,"column":6},"end":{"line":33,"column":7}},"16":{"start":{"line":32,"column":8},"end":{"line":32,"column":65}},"17":{"start":{"line":36,"column":6},"end":{"line":36,"column":22}},"18":{"start":{"line":37,"column":6},"end":{"line":37,"column":13}},"19":{"start":{"line":39,"column":6},"end":{"line":39,"column":56}},"20":{"start":{"line":40,"column":6},"end":{"line":40,"column":60}},"21":{"start":{"line":43,"column":4},"end":{"line":43,"column":51}},"22":{"start":{"line":44,"column":4},"end":{"line":44,"column":52}},"23":{"start":{"line":48,"column":0},"end":{"line":48,"column":22}}},"fnMap":{"0":{"name":"(anonymous_0)","decl":{"start":{"line":10,"column":13},"end":{"line":10,"column":14}},"loc":{"start":{"line":10,"column":39},"end":{"line":46,"column":1}},"line":10}},"branchMap":{"0":{"loc":{"start":{"line":8,"column":19},"end":{"line":8,"column":62}},"type":"binary-expr","locations":[{"start":{"line":8,"column":19},"end":{"line":8,"column":41}},{"start":{"line":8,"column":45},"end":{"line":8,"column":62}}],"line":8},"1":{"loc":{"start":{"line":14,"column":4},"end":{"line":16,"column":5}},"type":"if","locations":[{"start":{"line":14,"column":4},"end":{"line":16,"column":5}},{"start":{},"end":{}}],"line":14},"2":{"loc":{"start":{"line":19,"column":4},"end":{"line":21,"column":5}},"type":"if","locations":[{"start":{"line":19,"column":4},"end":{"line":21,"column":5}},{"start":{},"end":{}}],"line":19},"3":{"loc":{"start":{"line":31,"column":6},"end":{"line":33,"column":7}},"type":"if","locations":[{"start":{"line":31,"column":6},"end":{"line":33,"column":7}},{"start":{},"end":{}}],"line":31}},"s":{"0":1,"1":1,"2":1,"3":1,"4":1,"5":0,"6":0,"7":0,"8":0,"9":0,"10":0,"11":0,"12":0,"13":0,"14":0,"15":0,"16":0,"17":0,"18":0,"19":0,"20":0,"21":0,"22":0,"23":1},"f":{"0":0},"b":{"0":[1,0],"1":[0,0],"2":[0,0],"3":[0,0]},"_coverageSchema":"1a1c01bbd47fc00a2c39e90264f33305004495a9","hash":"08bb0dd8782f0cff34003051e7d14515e404ca2f"}
,"/Users/rafaelp/Desktop/messageApp/backend/models/directMessageModel.js": {"path":"/Users/rafaelp/Desktop/messageApp/backend/models/directMessageModel.js","statementMap":{"0":{"start":{"line":1,"column":17},"end":{"line":1,"column":36}},"1":{"start":{"line":3,"column":28},"end":{"line":22,"column":2}},"2":{"start":{"line":24,"column":0},"end":{"line":24,"column":70}}},"fnMap":{},"branchMap":{},"s":{"0":1,"1":1,"2":1},"f":{},"b":{},"_coverageSchema":"1a1c01bbd47fc00a2c39e90264f33305004495a9","hash":"6619ae45d1cff4e0fa3a92d1286ca638f896fa55"}
,"/Users/rafaelp/Desktop/messageApp/backend/models/messageModel.js": {"path":"/Users/rafaelp/Desktop/messageApp/backend/models/messageModel.js","statementMap":{"0":{"start":{"line":1,"column":17},"end":{"line":1,"column":36}},"1":{"start":{"line":3,"column":22},"end":{"line":24,"column":2}},"2":{"start":{"line":27,"column":0},"end":{"line":27,"column":51}},"3":{"start":{"line":28,"column":0},"end":{"line":28,"column":35}},"4":{"start":{"line":30,"column":16},"end":{"line":30,"column":56}},"5":{"start":{"line":32,"column":0},"end":{"line":32,"column":25}}},"fnMap":{},"branchMap":{},"s":{"0":2,"1":2,"2":2,"3":2,"4":2,"5":2},"f":{},"b":{},"_coverageSchema":"1a1c01bbd47fc00a2c39e90264f33305004495a9","hash":"fb5177a082084060c95c258c8183386327da3767"}
,"/Users/rafaelp/Desktop/messageApp/backend/models/userModel.js": {"path":"/Users/rafaelp/Desktop/messageApp/backend/models/userModel.js","statementMap":{"0":{"start":{"line":1,"column":17},"end":{"line":1,"column":36}},"1":{"start":{"line":2,"column":15},"end":{"line":2,"column":34}},"2":{"start":{"line":4,"column":19},"end":{"line":34,"column":2}},"3":{"start":{"line":37,"column":0},"end":{"line":49,"column":3}},"4":{"start":{"line":38,"column":2},"end":{"line":40,"column":3}},"5":{"start":{"line":39,"column":4},"end":{"line":39,"column":18}},"6":{"start":{"line":42,"column":2},"end":{"line":48,"column":3}},"7":{"start":{"line":43,"column":17},"end":{"line":43,"column":41}},"8":{"start":{"line":44,"column":4},"end":{"line":44,"column":59}},"9":{"start":{"line":45,"column":4},"end":{"line":45,"column":11}},"10":{"start":{"line":47,"column":4},"end":{"line":47,"column":16}},"11":{"start":{"line":51,"column":13},"end":{"line":51,"column":47}},"12":{"start":{"line":53,"column":0},"end":{"line":53,"column":22}}},"fnMap":{"0":{"name":"(anonymous_0)","decl":{"start":{"line":37,"column":23},"end":{"line":37,"column":24}},"loc":{"start":{"line":37,"column":44},"end":{"line":49,"column":1}},"line":37}},"branchMap":{"0":{"loc":{"start":{"line":38,"column":2},"end":{"line":40,"column":3}},"type":"if","locations":[{"start":{"line":38,"column":2},"end":{"line":40,"column":3}},{"start":{},"end":{}}],"line":38}},"s":{"0":1,"1":1,"2":1,"3":1,"4":0,"5":0,"6":0,"7":0,"8":0,"9":0,"10":0,"11":1,"12":1},"f":{"0":0},"b":{"0":[0,0]},"_coverageSchema":"1a1c01bbd47fc00a2c39e90264f33305004495a9","hash":"9088193f3b0972d6c1bf0a6fb495f6d0829a65d9"}
,"/Users/rafaelp/Desktop/messageApp/backend/routes/userRoutes.js": {"path":"/Users/rafaelp/Desktop/messageApp/backend/routes/userRoutes.js","statementMap":{"0":{"start":{"line":1,"column":16},"end":{"line":1,"column":34}},"1":{"start":{"line":2,"column":15},"end":{"line":2,"column":31}},"2":{"start":{"line":3,"column":13},"end":{"line":3,"column":43}},"3":{"start":{"line":4,"column":15},"end":{"line":4,"column":34}},"4":{"start":{"line":5,"column":12},"end":{"line":5,"column":35}},"5":{"start":{"line":6,"column":13},"end":{"line":6,"column":42}},"6":{"start":{"line":7,"column":15},"end":{"line":7,"column":32}},"7":{"start":{"line":8,"column":13},"end":{"line":8,"column":28}},"8":{"start":{"line":9,"column":11},"end":{"line":9,"column":24}},"9":{"start":{"line":10,"column":16},"end":{"line":10,"column":49}},"10":{"start":{"line":11,"column":22},"end":{"line":11,"column":61}},"11":{"start":{"line":14,"column":0},"end":{"line":14,"column":27}},"12":{"start":{"line":17,"column":19},"end":{"line":17,"column":62}},"13":{"start":{"line":20,"column":18},"end":{"line":20,"column":55}},"14":{"start":{"line":21,"column":0},"end":{"line":23,"column":1}},"15":{"start":{"line":22,"column":2},"end":{"line":22,"column":47}},"16":{"start":{"line":26,"column":16},"end":{"line":34,"column":2}},"17":{"start":{"line":28,"column":4},"end":{"line":28,"column":24}},"18":{"start":{"line":31,"column":25},"end":{"line":31,"column":75}},"19":{"start":{"line":32,"column":4},"end":{"line":32,"column":61}},"20":{"start":{"line":36,"column":19},"end":{"line":46,"column":1}},"21":{"start":{"line":37,"column":20},"end":{"line":37,"column":38}},"22":{"start":{"line":38,"column":18},"end":{"line":38,"column":79}},"23":{"start":{"line":39,"column":19},"end":{"line":39,"column":48}},"24":{"start":{"line":41,"column":2},"end":{"line":45,"column":3}},"25":{"start":{"line":42,"column":4},"end":{"line":42,"column":26}},"26":{"start":{"line":44,"column":4},"end":{"line":44,"column":51}},"27":{"start":{"line":48,"column":15},"end":{"line":54,"column":2}},"28":{"start":{"line":57,"column":0},"end":{"line":60,"column":3}},"29":{"start":{"line":58,"column":2},"end":{"line":58,"column":50}},"30":{"start":{"line":59,"column":2},"end":{"line":59,"column":9}},"31":{"start":{"line":63,"column":0},"end":{"line":76,"column":3}},"32":{"start":{"line":64,"column":2},"end":{"line":75,"column":3}},"33":{"start":{"line":65,"column":4},"end":{"line":65,"column":41}},"34":{"start":{"line":66,"column":18},"end":{"line":69,"column":5}},"35":{"start":{"line":70,"column":4},"end":{"line":70,"column":46}},"36":{"start":{"line":71,"column":4},"end":{"line":71,"column":20}},"37":{"start":{"line":73,"column":4},"end":{"line":73,"column":50}},"38":{"start":{"line":74,"column":4},"end":{"line":74,"column":61}},"39":{"start":{"line":79,"column":0},"end":{"line":127,"column":3}},"40":{"start":{"line":80,"column":2},"end":{"line":126,"column":3}},"41":{"start":{"line":81,"column":41},"end":{"line":81,"column":49}},"42":{"start":{"line":84,"column":4},"end":{"line":86,"column":5}},"43":{"start":{"line":85,"column":6},"end":{"line":85,"column":83}},"44":{"start":{"line":89,"column":25},"end":{"line":91,"column":6}},"45":{"start":{"line":93,"column":4},"end":{"line":95,"column":5}},"46":{"start":{"line":94,"column":6},"end":{"line":94,"column":72}},"47":{"start":{"line":98,"column":17},"end":{"line":103,"column":6}},"48":{"start":{"line":105,"column":4},"end":{"line":105,"column":22}},"49":{"start":{"line":108,"column":18},"end":{"line":112,"column":5}},"50":{"start":{"line":114,"column":4},"end":{"line":114,"column":50}},"51":{"start":{"line":115,"column":4},"end":{"line":122,"column":7}},"52":{"start":{"line":124,"column":4},"end":{"line":124,"column":56}},"53":{"start":{"line":125,"column":4},"end":{"line":125,"column":62}},"54":{"start":{"line":130,"column":0},"end":{"line":170,"column":3}},"55":{"start":{"line":131,"column":2},"end":{"line":169,"column":3}},"56":{"start":{"line":132,"column":4},"end":{"line":132,"column":57}},"57":{"start":{"line":133,"column":35},"end":{"line":133,"column":43}},"58":{"start":{"line":136,"column":17},"end":{"line":136,"column":73}},"59":{"start":{"line":137,"column":4},"end":{"line":139,"column":5}},"60":{"start":{"line":138,"column":6},"end":{"line":138,"column":68}},"61":{"start":{"line":142,"column":20},"end":{"line":142,"column":65}},"62":{"start":{"line":143,"column":4},"end":{"line":145,"column":5}},"63":{"start":{"line":144,"column":6},"end":{"line":144,"column":68}},"64":{"start":{"line":148,"column":18},"end":{"line":152,"column":5}},"65":{"start":{"line":155,"column":4},"end":{"line":163,"column":7}},"66":{"start":{"line":165,"column":4},"end":{"line":165,"column":51}},"67":{"start":{"line":167,"column":4},"end":{"line":167,"column":41}},"68":{"start":{"line":168,"column":4},"end":{"line":168,"column":52}},"69":{"start":{"line":173,"column":0},"end":{"line":184,"column":3}},"70":{"start":{"line":174,"column":2},"end":{"line":183,"column":3}},"71":{"start":{"line":175,"column":17},"end":{"line":175,"column":70}},"72":{"start":{"line":176,"column":4},"end":{"line":178,"column":5}},"73":{"start":{"line":177,"column":6},"end":{"line":177,"column":63}},"74":{"start":{"line":179,"column":4},"end":{"line":179,"column":19}},"75":{"start":{"line":181,"column":4},"end":{"line":181,"column":52}},"76":{"start":{"line":182,"column":4},"end":{"line":182,"column":62}},"77":{"start":{"line":187,"column":0},"end":{"line":216,"column":3}},"78":{"start":{"line":188,"column":2},"end":{"line":215,"column":3}},"79":{"start":{"line":189,"column":4},"end":{"line":191,"column":5}},"80":{"start":{"line":190,"column":6},"end":{"line":190,"column":65}},"81":{"start":{"line":193,"column":17},"end":{"line":193,"column":50}},"82":{"start":{"line":194,"column":4},"end":{"line":196,"column":5}},"83":{"start":{"line":195,"column":6},"end":{"line":195,"column":63}},"84":{"start":{"line":199,"column":4},"end":{"line":204,"column":5}},"85":{"start":{"line":200,"column":29},"end":{"line":200,"column":85}},"86":{"start":{"line":201,"column":6},"end":{"line":203,"column":7}},"87":{"start":{"line":202,"column":8},"end":{"line":202,"column":38}},"88":{"start":{"line":207,"column":31},"end":{"line":207,"column":62}},"89":{"start":{"line":208,"column":4},"end":{"line":208,"column":45}},"90":{"start":{"line":209,"column":4},"end":{"line":209,"column":22}},"91":{"start":{"line":211,"column":4},"end":{"line":211,"column":53}},"92":{"start":{"line":213,"column":4},"end":{"line":213,"column":61}},"93":{"start":{"line":214,"column":4},"end":{"line":214,"column":72}},"94":{"start":{"line":219,"column":0},"end":{"line":236,"column":3}},"95":{"start":{"line":220,"column":2},"end":{"line":235,"column":3}},"96":{"start":{"line":221,"column":26},"end":{"line":221,"column":49}},"97":{"start":{"line":222,"column":4},"end":{"line":222,"column":64}},"98":{"start":{"line":225,"column":18},"end":{"line":225,"column":76}},"99":{"start":{"line":228,"column":26},"end":{"line":228,"column":85}},"100":{"start":{"line":228,"column":47},"end":{"line":228,"column":84}},"101":{"start":{"line":230,"column":4},"end":{"line":230,"column":61}},"102":{"start":{"line":231,"column":4},"end":{"line":231,"column":28}},"103":{"start":{"line":233,"column":4},"end":{"line":233,"column":50}},"104":{"start":{"line":234,"column":4},"end":{"line":234,"column":60}},"105":{"start":{"line":239,"column":0},"end":{"line":325,"column":3}},"106":{"start":{"line":240,"column":2},"end":{"line":324,"column":3}},"107":{"start":{"line":241,"column":39},"end":{"line":241,"column":47}},"108":{"start":{"line":242,"column":19},"end":{"line":242,"column":31}},"109":{"start":{"line":245,"column":4},"end":{"line":247,"column":5}},"110":{"start":{"line":246,"column":6},"end":{"line":246,"column":70}},"111":{"start":{"line":250,"column":4},"end":{"line":259,"column":5}},"112":{"start":{"line":251,"column":27},"end":{"line":254,"column":8}},"113":{"start":{"line":256,"column":6},"end":{"line":258,"column":7}},"114":{"start":{"line":257,"column":8},"end":{"line":257,"column":75}},"115":{"start":{"line":262,"column":24},"end":{"line":262,"column":51}},"116":{"start":{"line":263,"column":4},"end":{"line":265,"column":5}},"117":{"start":{"line":264,"column":6},"end":{"line":264,"column":65}},"118":{"start":{"line":268,"column":23},"end":{"line":272,"column":5}},"119":{"start":{"line":275,"column":4},"end":{"line":285,"column":5}},"120":{"start":{"line":277,"column":6},"end":{"line":282,"column":7}},"121":{"start":{"line":278,"column":31},"end":{"line":278,"column":85}},"122":{"start":{"line":279,"column":8},"end":{"line":281,"column":9}},"123":{"start":{"line":280,"column":10},"end":{"line":280,"column":40}},"124":{"start":{"line":284,"column":6},"end":{"line":284,"column":66}},"125":{"start":{"line":288,"column":24},"end":{"line":292,"column":25}},"126":{"start":{"line":294,"column":4},"end":{"line":296,"column":5}},"127":{"start":{"line":295,"column":6},"end":{"line":295,"column":65}},"128":{"start":{"line":299,"column":18},"end":{"line":307,"column":5}},"129":{"start":{"line":310,"column":4},"end":{"line":312,"column":5}},"130":{"start":{"line":311,"column":6},"end":{"line":311,"column":49}},"131":{"start":{"line":315,"column":4},"end":{"line":319,"column":7}},"132":{"start":{"line":322,"column":4},"end":{"line":322,"column":50}},"133":{"start":{"line":323,"column":4},"end":{"line":323,"column":66}},"134":{"start":{"line":328,"column":0},"end":{"line":362,"column":3}},"135":{"start":{"line":329,"column":2},"end":{"line":361,"column":3}},"136":{"start":{"line":331,"column":4},"end":{"line":331,"column":30}},"137":{"start":{"line":334,"column":4},"end":{"line":334,"column":33}},"138":{"start":{"line":337,"column":4},"end":{"line":337,"column":39}},"139":{"start":{"line":340,"column":22},"end":{"line":340,"column":49}},"140":{"start":{"line":341,"column":25},"end":{"line":341,"column":55}},"141":{"start":{"line":342,"column":20},"end":{"line":342,"column":56}},"142":{"start":{"line":344,"column":4},"end":{"line":348,"column":7}},"143":{"start":{"line":350,"column":4},"end":{"line":357,"column":7}},"144":{"start":{"line":359,"column":4},"end":{"line":359,"column":53}},"145":{"start":{"line":360,"column":4},"end":{"line":360,"column":61}},"146":{"start":{"line":365,"column":0},"end":{"line":375,"column":3}},"147":{"start":{"line":366,"column":2},"end":{"line":374,"column":3}},"148":{"start":{"line":367,"column":17},"end":{"line":367,"column":68}},"149":{"start":{"line":368,"column":4},"end":{"line":370,"column":5}},"150":{"start":{"line":369,"column":6},"end":{"line":369,"column":63}},"151":{"start":{"line":371,"column":4},"end":{"line":371,"column":19}},"152":{"start":{"line":373,"column":4},"end":{"line":373,"column":59}},"153":{"start":{"line":377,"column":0},"end":{"line":377,"column":24}}},"fnMap":{"0":{"name":"(anonymous_0)","decl":{"start":{"line":27,"column":15},"end":{"line":27,"column":16}},"loc":{"start":{"line":27,"column":40},"end":{"line":29,"column":3}},"line":27},"1":{"name":"(anonymous_1)","decl":{"start":{"line":30,"column":12},"end":{"line":30,"column":13}},"loc":{"start":{"line":30,"column":37},"end":{"line":33,"column":3}},"line":30},"2":{"name":"(anonymous_2)","decl":{"start":{"line":36,"column":19},"end":{"line":36,"column":20}},"loc":{"start":{"line":36,"column":38},"end":{"line":46,"column":1}},"line":36},"3":{"name":"(anonymous_3)","decl":{"start":{"line":57,"column":11},"end":{"line":57,"column":12}},"loc":{"start":{"line":57,"column":31},"end":{"line":60,"column":1}},"line":57},"4":{"name":"(anonymous_4)","decl":{"start":{"line":63,"column":31},"end":{"line":63,"column":32}},"loc":{"start":{"line":63,"column":51},"end":{"line":76,"column":1}},"line":63},"5":{"name":"(anonymous_5)","decl":{"start":{"line":79,"column":25},"end":{"line":79,"column":26}},"loc":{"start":{"line":79,"column":45},"end":{"line":127,"column":1}},"line":79},"6":{"name":"(anonymous_6)","decl":{"start":{"line":130,"column":22},"end":{"line":130,"column":23}},"loc":{"start":{"line":130,"column":42},"end":{"line":170,"column":1}},"line":130},"7":{"name":"(anonymous_7)","decl":{"start":{"line":173,"column":29},"end":{"line":173,"column":30}},"loc":{"start":{"line":173,"column":49},"end":{"line":184,"column":1}},"line":173},"8":{"name":"(anonymous_8)","decl":{"start":{"line":187,"column":78},"end":{"line":187,"column":79}},"loc":{"start":{"line":187,"column":98},"end":{"line":216,"column":1}},"line":187},"9":{"name":"(anonymous_9)","decl":{"start":{"line":219,"column":26},"end":{"line":219,"column":27}},"loc":{"start":{"line":219,"column":46},"end":{"line":236,"column":1}},"line":219},"10":{"name":"(anonymous_10)","decl":{"start":{"line":228,"column":39},"end":{"line":228,"column":40}},"loc":{"start":{"line":228,"column":47},"end":{"line":228,"column":84}},"line":228},"11":{"name":"(anonymous_11)","decl":{"start":{"line":239,"column":62},"end":{"line":239,"column":63}},"loc":{"start":{"line":239,"column":82},"end":{"line":325,"column":1}},"line":239},"12":{"name":"(anonymous_12)","decl":{"start":{"line":328,"column":34},"end":{"line":328,"column":35}},"loc":{"start":{"line":328,"column":54},"end":{"line":362,"column":1}},"line":328},"13":{"name":"(anonymous_13)","decl":{"start":{"line":365,"column":29},"end":{"line":365,"column":30}},"loc":{"start":{"line":365,"column":49},"end":{"line":375,"column":1}},"line":365}},"branchMap":{"0":{"loc":{"start":{"line":17,"column":19},"end":{"line":17,"column":62}},"type":"binary-expr","locations":[{"start":{"line":17,"column":19},"end":{"line":17,"column":41}},{"start":{"line":17,"column":45},"end":{"line":17,"column":62}}],"line":17},"1":{"loc":{"start":{"line":21,"column":0},"end":{"line":23,"column":1}},"type":"if","locations":[{"start":{"line":21,"column":0},"end":{"line":23,"column":1}},{"start":{},"end":{}}],"line":21},"2":{"loc":{"start":{"line":41,"column":2},"end":{"line":45,"column":3}},"type":"if","locations":[{"start":{"line":41,"column":2},"end":{"line":45,"column":3}},{"start":{"line":43,"column":9},"end":{"line":45,"column":3}}],"line":41},"3":{"loc":{"start":{"line":41,"column":6},"end":{"line":41,"column":25}},"type":"binary-expr","locations":[{"start":{"line":41,"column":6},"end":{"line":41,"column":13}},{"start":{"line":41,"column":17},"end":{"line":41,"column":25}}],"line":41},"4":{"loc":{"start":{"line":84,"column":4},"end":{"line":86,"column":5}},"type":"if","locations":[{"start":{"line":84,"column":4},"end":{"line":86,"column":5}},{"start":{},"end":{}}],"line":84},"5":{"loc":{"start":{"line":84,"column":8},"end":{"line":84,"column":30}},"type":"binary-expr","locations":[{"start":{"line":84,"column":8},"end":{"line":84,"column":17}},{"start":{"line":84,"column":21},"end":{"line":84,"column":30}}],"line":84},"6":{"loc":{"start":{"line":93,"column":4},"end":{"line":95,"column":5}},"type":"if","locations":[{"start":{"line":93,"column":4},"end":{"line":95,"column":5}},{"start":{},"end":{}}],"line":93},"7":{"loc":{"start":{"line":101,"column":12},"end":{"line":101,"column":28}},"type":"binary-expr","locations":[{"start":{"line":101,"column":12},"end":{"line":101,"column":16}},{"start":{"line":101,"column":20},"end":{"line":101,"column":28}}],"line":101},"8":{"loc":{"start":{"line":137,"column":4},"end":{"line":139,"column":5}},"type":"if","locations":[{"start":{"line":137,"column":4},"end":{"line":139,"column":5}},{"start":{},"end":{}}],"line":137},"9":{"loc":{"start":{"line":143,"column":4},"end":{"line":145,"column":5}},"type":"if","locations":[{"start":{"line":143,"column":4},"end":{"line":145,"column":5}},{"start":{},"end":{}}],"line":143},"10":{"loc":{"start":{"line":176,"column":4},"end":{"line":178,"column":5}},"type":"if","locations":[{"start":{"line":176,"column":4},"end":{"line":178,"column":5}},{"start":{},"end":{}}],"line":176},"11":{"loc":{"start":{"line":189,"column":4},"end":{"line":191,"column":5}},"type":"if","locations":[{"start":{"line":189,"column":4},"end":{"line":191,"column":5}},{"start":{},"end":{}}],"line":189},"12":{"loc":{"start":{"line":194,"column":4},"end":{"line":196,"column":5}},"type":"if","locations":[{"start":{"line":194,"column":4},"end":{"line":196,"column":5}},{"start":{},"end":{}}],"line":194},"13":{"loc":{"start":{"line":199,"column":4},"end":{"line":204,"column":5}},"type":"if","locations":[{"start":{"line":199,"column":4},"end":{"line":204,"column":5}},{"start":{},"end":{}}],"line":199},"14":{"loc":{"start":{"line":201,"column":6},"end":{"line":203,"column":7}},"type":"if","locations":[{"start":{"line":201,"column":6},"end":{"line":203,"column":7}},{"start":{},"end":{}}],"line":201},"15":{"loc":{"start":{"line":245,"column":4},"end":{"line":247,"column":5}},"type":"if","locations":[{"start":{"line":245,"column":4},"end":{"line":247,"column":5}},{"start":{},"end":{}}],"line":245},"16":{"loc":{"start":{"line":245,"column":8},"end":{"line":245,"column":50}},"type":"binary-expr","locations":[{"start":{"line":245,"column":8},"end":{"line":245,"column":13}},{"start":{"line":245,"column":17},"end":{"line":245,"column":26}},{"start":{"line":245,"column":30},"end":{"line":245,"column":37}},{"start":{"line":245,"column":41},"end":{"line":245,"column":50}}],"line":245},"17":{"loc":{"start":{"line":250,"column":4},"end":{"line":259,"column":5}},"type":"if","locations":[{"start":{"line":250,"column":4},"end":{"line":259,"column":5}},{"start":{},"end":{}}],"line":250},"18":{"loc":{"start":{"line":256,"column":6},"end":{"line":258,"column":7}},"type":"if","locations":[{"start":{"line":256,"column":6},"end":{"line":258,"column":7}},{"start":{},"end":{}}],"line":256},"19":{"loc":{"start":{"line":263,"column":4},"end":{"line":265,"column":5}},"type":"if","locations":[{"start":{"line":263,"column":4},"end":{"line":265,"column":5}},{"start":{},"end":{}}],"line":263},"20":{"loc":{"start":{"line":269,"column":12},"end":{"line":269,"column":36}},"type":"binary-expr","locations":[{"start":{"line":269,"column":12},"end":{"line":269,"column":16}},{"start":{"line":269,"column":20},"end":{"line":269,"column":36}}],"line":269},"21":{"loc":{"start":{"line":270,"column":16},"end":{"line":270,"column":72}},"type":"cond-expr","locations":[{"start":{"line":270,"column":27},"end":{"line":270,"column":49}},{"start":{"line":270,"column":52},"end":{"line":270,"column":72}}],"line":270},"22":{"loc":{"start":{"line":271,"column":14},"end":{"line":271,"column":42}},"type":"binary-expr","locations":[{"start":{"line":271,"column":14},"end":{"line":271,"column":20}},{"start":{"line":271,"column":24},"end":{"line":271,"column":42}}],"line":271},"23":{"loc":{"start":{"line":275,"column":4},"end":{"line":285,"column":5}},"type":"if","locations":[{"start":{"line":275,"column":4},"end":{"line":285,"column":5}},{"start":{},"end":{}}],"line":275},"24":{"loc":{"start":{"line":277,"column":6},"end":{"line":282,"column":7}},"type":"if","locations":[{"start":{"line":277,"column":6},"end":{"line":282,"column":7}},{"start":{},"end":{}}],"line":277},"25":{"loc":{"start":{"line":279,"column":8},"end":{"line":281,"column":9}},"type":"if","locations":[{"start":{"line":279,"column":8},"end":{"line":281,"column":9}},{"start":{},"end":{}}],"line":279},"26":{"loc":{"start":{"line":294,"column":4},"end":{"line":296,"column":5}},"type":"if","locations":[{"start":{"line":294,"column":4},"end":{"line":296,"column":5}},{"start":{},"end":{}}],"line":294},"27":{"loc":{"start":{"line":310,"column":4},"end":{"line":312,"column":5}},"type":"if","locations":[{"start":{"line":310,"column":4},"end":{"line":312,"column":5}},{"start":{},"end":{}}],"line":310},"28":{"loc":{"start":{"line":368,"column":4},"end":{"line":370,"column":5}},"type":"if","locations":[{"start":{"line":368,"column":4},"end":{"line":370,"column":5}},{"start":{},"end":{}}],"line":368}},"s":{"0":1,"1":1,"2":1,"3":1,"4":1,"5":1,"6":1,"7":1,"8":1,"9":1,"10":1,"11":1,"12":1,"13":1,"14":1,"15":0,"16":1,"17":0,"18":0,"19":0,"20":1,"21":0,"22":0,"23":0,"24":0,"25":0,"26":0,"27":1,"28":1,"29":0,"30":0,"31":1,"32":0,"33":0,"34":0,"35":0,"36":0,"37":0,"38":0,"39":1,"40":1,"41":1,"42":1,"43":0,"44":1,"45":1,"46":0,"47":1,"48":1,"49":1,"50":1,"51":1,"52":0,"53":0,"54":1,"55":2,"56":2,"57":2,"58":2,"59":2,"60":0,"61":2,"62":2,"63":1,"64":1,"65":1,"66":1,"67":0,"68":0,"69":1,"70":0,"71":0,"72":0,"73":0,"74":0,"75":0,"76":0,"77":1,"78":0,"79":0,"80":0,"81":0,"82":0,"83":0,"84":0,"85":0,"86":0,"87":0,"88":0,"89":0,"90":0,"91":0,"92":0,"93":0,"94":1,"95":0,"96":0,"97":0,"98":0,"99":0,"100":0,"101":0,"102":0,"103":0,"104":0,"105":1,"106":0,"107":0,"108":0,"109":0,"110":0,"111":0,"112":0,"113":0,"114":0,"115":0,"116":0,"117":0,"118":0,"119":0,"120":0,"121":0,"122":0,"123":0,"124":0,"125":0,"126":0,"127":0,"128":0,"129":0,"130":0,"131":0,"132":0,"133":0,"134":1,"135":0,"136":0,"137":0,"138":0,"139":0,"140":0,"141":0,"142":0,"143":0,"144":0,"145":0,"146":1,"147":0,"148":0,"149":0,"150":0,"151":0,"152":0,"153":1},"f":{"0":0,"1":0,"2":0,"3":0,"4":0,"5":1,"6":2,"7":0,"8":0,"9":0,"10":0,"11":0,"12":0,"13":0},"b":{"0":[1,0],"1":[0,1],"2":[0,0],"3":[0,0],"4":[0,1],"5":[1,1],"6":[0,1],"7":[1,0],"8":[0,2],"9":[1,1],"10":[0,0],"11":[0,0],"12":[0,0],"13":[0,0],"14":[0,0],"15":[0,0],"16":[0,0,0,0],"17":[0,0],"18":[0,0],"19":[0,0],"20":[0,0],"21":[0,0],"22":[0,0],"23":[0,0],"24":[0,0],"25":[0,0],"26":[0,0],"27":[0,0],"28":[0,0]},"_coverageSchema":"1a1c01bbd47fc00a2c39e90264f33305004495a9","hash":"9b1e47d58a5e0b0912a8ebc14f9df688511b0370"}
}
